\BOOKMARK [0][-]{chapter.8}{\376\377\000C\000o\000n\000t\000e\000x\000t\000e\000\040\000d\000u\000\040\000s\000t\000a\000g\000e}{}% 1
\BOOKMARK [1][-]{section.9}{\376\377\000P\000r\000\351\000s\000e\000n\000t\000a\000t\000i\000o\000n\000\040\000d\000e\000\040\000G\000i\000g\000a\000m\000e\000s\000h\000\040}{chapter.8}% 2
\BOOKMARK [1][-]{section.10}{\376\377\000L\040\031\000o\000r\000g\000a\000n\000i\000g\000r\000a\000m\000m\000e\000\040\000d\000e\000\040\000G\000i\000g\000a\000m\000e\000s\000h\000\040\000:}{chapter.8}% 3
\BOOKMARK [1][-]{section.13}{\376\377\000L\000o\000c\000a\000l\000i\000s\000a\000t\000i\000o\000n\000\040\000d\000e\000\040\000G\000i\000g\000a\000m\000e\000s\000h\000\040\000:}{chapter.8}% 4
\BOOKMARK [1][-]{section.14}{\376\377\000D\000o\000m\000a\000i\000n\000e\000\040\000d\040\031\000a\000c\000t\000i\000v\000i\000t\000\351\000\040\000d\000e\000\040\000G\000i\000g\000a\000m\000e\000s\000h}{chapter.8}% 5
\BOOKMARK [2][-]{subsection.15}{\376\377\000A\000s\000s\000u\000r\000a\000n\000c\000e\000\040\000e\000m\000p\000r\000u\000n\000t\000e\000u\000r}{section.14}% 6
\BOOKMARK [2][-]{subsection.17}{\376\377\000A\000s\000s\000u\000r\000l\000y}{section.14}% 7
\BOOKMARK [1][-]{section.23}{\376\377\000O\000b\000j\000e\000c\000t\000i\000f\000\040\000d\000u\000\040\000s\000t\000a\000g\000e}{chapter.8}% 8
\BOOKMARK [0][-]{chapter.25}{\376\377\000E\000t\000a\000t\000\040\000d\000e\000\040\000l\040\031\000a\000r\000t}{}% 9
\BOOKMARK [1][-]{section.26}{\376\377\000L\000e\000\040\000c\000l\000o\000u\000d\000\040\000c\000o\000m\000p\000u\000t\000i\000n\000g}{chapter.25}% 10
\BOOKMARK [2][-]{subsection.28}{\376\377\000L\000e\000s\000\040\000s\000e\000r\000v\000i\000c\000e\000s\000\040\000d\000u\000\040\000c\000l\000o\000u\000d\000\040\000c\000o\000m\000p\000u\000t\000i\000n\000g}{section.26}% 11
\BOOKMARK [3][-]{section*.29}{\376\377\000I\000a\000a\000S\000\040\000\050\000I\000n\000f\000r\000a\000s\000t\000r\000u\000c\000t\000u\000r\000e\000\040\000a\000s\000\040\000a\000\040\000S\000e\000r\000v\000i\000c\000e\000,\000\040\000e\000n\000\040\000a\000n\000g\000l\000a\000i\000s\000\051\000\040}{subsection.28}% 12
\BOOKMARK [3][-]{section*.30}{\376\377\000P\000a\000a\000S\000\040\000\050\000P\000l\000a\000t\000f\000o\000r\000m\000\040\000a\000s\000\040\000a\000\040\000S\000e\000r\000v\000i\000c\000e\000,\000\040\000e\000n\000\040\000a\000n\000g\000l\000a\000i\000s\000\051}{subsection.28}% 13
\BOOKMARK [3][-]{section*.31}{\376\377\000S\000a\000a\000S\000\040\000\050\000S\000o\000f\000t\000w\000a\000r\000e\000\040\000a\000s\000\040\000a\000\040\000S\000e\000r\000v\000i\000c\000e\000,\000\040\000e\000n\000\040\000a\000n\000g\000l\000a\000i\000s\000\051}{subsection.28}% 14
\BOOKMARK [1][-]{section.32}{\376\377\000L\000e\000s\000\040\000A\000P\000I\000s\000\050\000A\000p\000p\000l\000i\000c\000a\000t\000i\000o\000n\000\040\000p\000r\000o\000g\000r\000a\000m\000m\000i\000n\000g\000\040\000i\000n\000t\000e\000r\000f\000a\000c\000e\000\051}{chapter.25}% 15
\BOOKMARK [2][-]{subsection.34}{\376\377\000O\000b\000j\000e\000c\000t\000i\000f\000\040\000d\040\031\000u\000n\000e\000\040\000A\000P\000I}{section.32}% 16
\BOOKMARK [2][-]{subsection.35}{\376\377\000A\000n\000a\000l\000o\000g\000i\000e\000\040\000d\040\031\000u\000n\000e\000\040\000A\000P\000I\000\040\000a\000v\000e\000c\000\040\000l\000a\000\040\000v\000i\000e\000\040\000c\000o\000u\000r\000a\000n\000t\000e}{section.32}% 17
\BOOKMARK [1][-]{section.36}{\376\377\000L\000e\000\040\000m\000o\000d\000\350\000l\000e\000\040\000o\000u\000\040\000l\000'\000a\000r\000c\000h\000i\000t\000e\000c\000t\000u\000r\000e\000\040\000R\000e\000s\000t}{chapter.25}% 18
\BOOKMARK [2][-]{subsection.37}{\376\377\000L\000e\000s\000\040\000p\000r\000i\000n\000c\000i\000p\000e\000s\000\040\000d\000e\000\040\000l\040\031\000a\000r\000c\000h\000i\000t\000e\000c\000t\000u\000r\000e\000\040\000R\000E\000S\000T}{section.36}% 19
\BOOKMARK [1][-]{section.44}{\376\377\000L\040\031\000a\000r\000c\000h\000i\000t\000e\000c\000t\000u\000r\000e\000\040\000s\000e\000r\000v\000e\000r\000l\000e\000s\000s}{chapter.25}% 20
\BOOKMARK [1][-]{section.45}{\376\377\000L\000e\000\040\000p\000r\000o\000t\000o\000c\000o\000l\000e\000\040\000O\000A\000u\000t\000h\0002\000\040\000e\000t\000\040\000l\000a\000\040\000d\000\351\000l\000\351\000g\000a\000t\000i\000o\000n\000\040\000d\040\031\000a\000u\000t\000o\000r\000i\000s\000a\000t\000i\000o\000n}{chapter.25}% 21
\BOOKMARK [2][-]{subsection.46}{\376\377\000E\000x\000e\000m\000p\000l\000e\000\040\000d\040\031\000i\000m\000p\000l\000\351\000m\000e\000n\000t\000a\000t\000i\000o\000n\000\040\000d\000u\000\040\000p\000r\000o\000t\000o\000c\000o\000l\000e\000\040\000O\000a\000u\000t\000h\0002}{section.45}% 22
\BOOKMARK [2][-]{subsection.47}{\376\377\000L\000e\000\040\000v\000o\000c\000a\000b\000u\000l\000a\000i\000r\000e\000\040\000d\000u\000\040\000p\000r\000o\000t\000o\000c\000o\000l\000e\000\040\000O\000a\000u\000t\000h\0002}{section.45}% 23
\BOOKMARK [1][-]{section.52}{\376\377\000I\000n\000t\000\351\000g\000r\000a\000t\000i\000o\000n\000\040\000d\000e\000\040\000d\000o\000n\000n\000\351\000e\000s}{chapter.25}% 24
\BOOKMARK [2][-]{subsection.53}{\376\377\000L\000e\000s\000\040\000a\000v\000a\000n\000t\000a\000g\000e\000s}{section.52}% 25
\BOOKMARK [2][-]{subsection.54}{\376\377\000O\000p\000\351\000r\000a\000t\000i\000o\000n\000s\000\040\000E\000T\000L\000\040\000e\000t\000\040\000i\000n\000t\000\351\000g\000r\000a\000t\000i\000o\000n\000\040\000d\000e\000s\000\040\000d\000o\000n\000n\000\351\000e\000s}{section.52}% 26
\BOOKMARK [1][-]{section.56}{\376\377\000C\000o\000n\000t\000e\000n\000e\000u\000r\000i\000s\000a\000t\000i\000o\000n}{chapter.25}% 27
\BOOKMARK [2][-]{subsection.58}{\376\377\000A\000v\000a\000n\000t\000a\000g\000e\000s}{section.56}% 28
\BOOKMARK [2][-]{subsection.59}{\376\377\000E\000x\000e\000m\000p\000l\000e\000\040\000d\000e\000s\000\040\000s\000y\000s\000t\000\350\000m\000e\000s\000\040\000d\000e\000\040\000c\000o\000n\000t\000e\000n\000e\000u\000r\000i\000s\000a\000t\000i\000o\000n}{section.56}% 29
\BOOKMARK [0][-]{chapter.60}{\376\377\000O\000u\000t\000i\000l\000s\000\040\000e\000t\000\040\000t\000e\000c\000h\000n\000o\000l\000o\000g\000i\000e\000s\000\040\000u\000t\000i\000l\000i\000s\000\351\000s}{}% 30
\BOOKMARK [1][-]{section.61}{\376\377\000A\000m\000a\000z\000o\000n\000\040\000L\000a\000m\000b\000d\000a}{chapter.60}% 31
\BOOKMARK [2][-]{subsection.62}{\376\377\000F\000o\000n\000c\000t\000i\000o\000n\000n\000e\000m\000e\000n\000t}{section.61}% 32
\BOOKMARK [2][-]{subsection.63}{\376\377\000A\000v\000a\000n\000t\000a\000g\000e\000s}{section.61}% 33
\BOOKMARK [1][-]{section.64}{\376\377\000D\000o\000c\000k\000e\000r}{chapter.60}% 34
\BOOKMARK [2][-]{subsection.66}{\376\377\000D\000o\000c\000k\000e\000r\000\040\000H\000u\000b}{section.64}% 35
\BOOKMARK [1][-]{section.67}{\376\377\000A\000m\000p\000l\000i\000f\000y}{chapter.60}% 36
\BOOKMARK [1][-]{section.69}{\376\377\000A\000m\000a\000z\000o\000n\000\040\000S\000i\000m\000p\000l\000e\000\040\000S\000t\000o\000r\000a\000g\000e\000\040\000S\000e\000r\000v\000i\000c\000e\000\040\000\050\000A\000m\000a\000z\000o\000n\000\040\000S\0003\000\051}{chapter.60}% 37
\BOOKMARK [2][-]{subsection.70}{\376\377\000A\000v\000a\000n\000t\000a\000g\000e\000s\000\040\000d\000e\000\040\000l\000'\000u\000t\000i\000l\000i\000s\000a\000t\000i\000o\000n\000\040\000d\000'\000A\000m\000a\000z\000o\000n\000\040\000S\0003}{section.69}% 38
\BOOKMARK [1][-]{section.71}{\376\377\000A\000w\000s\000\040\000A\000u\000r\000o\000r\000a}{chapter.60}% 39
\BOOKMARK [2][-]{subsection.72}{\376\377\000Q\000u\000e\000\040\000s\000i\000g\000n\000i\000f\000i\000e\000\040\000\253\000\040\000d\000e\000s\000\040\000p\000e\000r\000f\000o\000r\000m\000a\000n\000c\000e\000s\000\040\000t\000r\000o\000i\000s\000\040\000f\000o\000i\000s\000\040\000s\000u\000p\000\351\000r\000i\000e\000u\000r\000e\000s\000\040\000\340\000\040\000c\000e\000l\000l\000e\000s\000\040\000d\000e\000\040\000P\000o\000s\000t\000g\000r\000e\000S\000Q\000L\000\040\000e\000t\000\040\000M\000y\000S\000Q\000L\000\273\000\040}{section.71}% 40
\BOOKMARK [1][-]{section.73}{\376\377\000A\000m\000a\000z\000o\000n\000\040\000C\000o\000g\000n\000i\000t\000o}{chapter.60}% 41
\BOOKMARK [1][-]{section.74}{\376\377\000A\000P\000I\000\040\000G\000a\000t\000e\000w\000a\000y}{chapter.60}% 42
\BOOKMARK [1][-]{section.76}{\376\377\000A\000m\000a\000z\000o\000n\000\040\000D\000y\000n\000a\000m\000o\000d\000b}{chapter.60}% 43
\BOOKMARK [1][-]{section.77}{\376\377\000C\000l\000o\000u\000d\000W\000a\000t\000c\000h}{chapter.60}% 44
\BOOKMARK [1][-]{section.79}{\376\377\000R\000e\000f\000l\000e\000x}{chapter.60}% 45
\BOOKMARK [2][-]{subsection.80}{\376\377\000S\000c\000\351\000n\000a\000r\000i\000o\000\040\000d\000'\000i\000n\000t\000\351\000g\000r\000a\000t\000i\000o\000n\000\040\000C\000E\000P}{section.79}% 46
\BOOKMARK [0][-]{chapter.82}{\376\377\000A\000p\000p\000r\000o\000c\000h\000e\000\040\000s\000u\000i\000v\000i\000e\000\040\000e\000t\000\040\000s\000o\000l\000u\000t\000i\000o\000n\000\040\000p\000r\000o\000p\000o\000s\000\351\000e}{}% 47
\BOOKMARK [1][-]{section.83}{\376\377\000M\000\351\000t\000h\000o\000d\000o\000l\000o\000g\000i\000e\000\040\000d\000e\000\040\000t\000r\000a\000v\000a\000i\000l\000:\000\040\000S\000c\000r\000u\000m\000\040\000a\000v\000e\000c\000\040\000A\000g\000i\000l\000e}{chapter.82}% 48
\BOOKMARK [2][-]{subsection.84}{\376\377\000L\000e\000s\000\040\000p\000r\000i\000n\000c\000i\000p\000a\000u\000x\000\040\000r\000\364\000l\000e\000s\000\040\000d\000e\000\040\000l\000a\000\040\000m\000\351\000t\000h\000o\000d\000o\000l\000o\000g\000i\000e\000\040\000S\000c\000r\000u\000m}{section.83}% 49
\BOOKMARK [1][-]{section.85}{\376\377\000L\000e\000s\000\040\000d\000i\000f\000f\000\351\000r\000e\000n\000t\000e\000s\000\040\000m\000i\000s\000s\000i\000o\000n\000s\000\040\000e\000t\000\040\000s\000o\000l\000u\000t\000i\000o\000n\000s}{chapter.82}% 50
\BOOKMARK [2][-]{subsection.86}{\376\377\000M\000i\000s\000s\000i\000o\000n\000\040\0001\000:\000E\000t\000u\000d\000e\000\040\000d\000e\000\040\000f\000a\000i\000s\000a\000b\000i\000l\000i\000t\000\351\000\040\000s\000u\000r\000\040\000l\000e\000\040\000d\000\351\000p\000l\000o\000i\000e\000m\000e\000n\000t\000\040\000d\040\031\000u\000n\000e\000\040\000a\000p\000p\000l\000i\000c\000a\000t\000i\000o\000n\000\040\000F\000r\000o\000n\000t\000-\000E\000n\000d\000\040\000d\000a\000n\000s\000\040\000u\000n\000\040\000e\000n\000v\000i\000r\000o\000n\000n\000e\000m\000e\000n\000t\000\040\000A\000W\000S}{section.85}% 51
\BOOKMARK [3][-]{section*.87}{\376\377\000O\000b\000s\000e\000r\000v\000a\000t\000i\000o\000n\000s}{subsection.86}% 52
\BOOKMARK [3][-]{section*.88}{\376\377\000S\000o\000l\000u\000t\000i\000o\000n\000s}{subsection.86}% 53
\BOOKMARK [2][-]{subsection.93}{\376\377\000M\000i\000s\000s\000i\000o\000n\000\040\0002\000:\000L\000e\000\040\000d\000\351\000p\000l\000o\000i\000e\000m\000e\000n\000t\000\040\000e\000t\000\040\000l\040\031\000i\000n\000t\000\351\000g\000r\000a\000t\000i\000o\000n\000\040\000d\000u\000\040\000s\000e\000r\000v\000i\000c\000e\000\040\000w\000e\000b\000\040\000\050\000R\000e\000f\000l\000e\000x\000\051\000\040\000d\000a\000n\000s\000\040\000l\000e\000\040\000p\000a\000r\000c\000o\000u\000r\000s\000\040\000d\000e\000\040\000s\000o\000u\000s\000c\000r\000i\000p\000t\000i\000o\000n}{section.85}% 54
\BOOKMARK [3][-]{section*.94}{\376\377\000S\000o\000l\000u\000t\000i\000o\000n\000s}{subsection.93}% 55
\BOOKMARK [3][-]{section*.95}{\376\377\000P\000i\000p\000e\000l\000i\000n\000e\000\040\000d\000e\000\040\000d\000\351\000p\000l\000o\000i\000e\000m\000e\000n\000t}{subsection.93}% 56
\BOOKMARK [3][-]{section*.98}{\376\377\000D\000i\000a\000g\000r\000a\000m\000m\000e\000\040\000d\000e\000\040\000s\000\351\000q\000u\000e\000n\000c\000e\000\040\000i\000n\000t\000\351\000g\000r\000a\000t\000i\000o\000n}{subsection.93}% 57
\BOOKMARK [2][-]{subsection.101}{\376\377\000M\000i\000s\000s\000i\000o\000n\000\040\0003\000:\000\040\000E\000t\000u\000d\000e\000\040\000d\000e\000\040\000l\000a\000\040\000s\000\351\000c\000u\000r\000i\000t\000\351\000\040\000a\000c\000t\000u\000e\000l\000l\000e\000\040\000d\040\031\000a\000c\000c\000\350\000s\000\040\000a\000u\000x\000\040\000A\000P\000I}{section.85}% 58
\BOOKMARK [3][-]{section*.102}{\376\377\000R\000a\000p\000p\000e\000l\000\040\000d\000e\000s\000\040\000p\000r\000i\000n\000c\000i\000p\000e\000s\000\040\000d\000e\000\040\000s\000\351\000c\000u\000r\000i\000t\000\351}{subsection.101}% 59
\BOOKMARK [3][-]{section*.103}{\376\377\000L\000a\000\040\000s\000\351\000c\000u\000r\000i\000t\000\351\000\040\000d\000e\000s\000\040\000A\000P\000I\000\040\000d\000a\000n\000s\000\040\000A\000W\000S}{subsection.101}% 60
\BOOKMARK [3][-]{section*.106}{\376\377\000L\000e\000s\000\040\000c\000o\000n\000t\000r\000\364\000l\000e\000s\000\040\000d\000'\000a\000c\000c\000\350\000s}{subsection.101}% 61
\BOOKMARK [3][-]{section*.108}{\376\377\000A\000u\000t\000h\000e\000n\000t\000i\000f\000i\000c\000a\000t\000i\000o\000n\000\040\000e\000t\000\040\000a\000u\000t\000o\000r\000i\000s\000a\000t\000i\000o\000n\000s}{subsection.101}% 62
\BOOKMARK [3][-]{section*.109}{\376\377\000L\000'\000e\000x\000i\000s\000t\000e\000n\000t}{subsection.101}% 63
\BOOKMARK [3][-]{section*.110}{\376\377\000O\000b\000s\000e\000r\000v\000a\000t\000i\000o\000n\000s}{subsection.101}% 64
\BOOKMARK [2][-]{subsection.116}{\376\377\000M\000i\000s\000s\000i\000o\000n\000\040\0004\000\050\000M\000i\000s\000e\000\040\000e\000n\000\040\000p\000l\000a\000c\000e\000\040\000d\000'\000u\000n\000\040\000E\000T\000L\000\040\000d\000'\000i\000n\000t\000\351\000g\000r\000a\000t\000i\000o\000n\000\040\000d\000e\000\040\000d\000o\000n\000n\000\351\000e\000s\000\051}{section.85}% 65
\BOOKMARK [3][-]{section*.117}{\376\377\000O\000b\000s\000e\000r\000v\000a\000t\000i\000o\000n\000s}{subsection.116}% 66
\BOOKMARK [3][-]{section*.122}{\376\377\000S\000o\000l\000u\000t\000i\000o\000n}{subsection.116}% 67
